<?xml version="1.0" encoding="UTF-8"?>
<testsuite xmlns:xsi="http://www.w3.org/2001/XMLSchema-instance" xsi:schemaLocation="https://maven.apache.org/surefire/maven-surefire-plugin/xsd/surefire-test-report.xsd" name="com.git.qa.runners.RepoRunner" time="1.894" tests="32" errors="6" skipped="26" failures="0">
  <properties>
[...]
</properties>
  <testcase name="User on the signin page" classname="Creating first Repo" time="0.01">
    <error message="The step &apos;User on the signin page&apos; and 9 other step(s) are undefined.&#10;You can implement these steps using the snippet(s) below:&#10;&#10;@Given(&quot;User on the signin page&quot;)&#10;public void user_on_the_signin_page() {&#10;    // Write code here that turns the phrase above into concrete actions&#10;    throw new io.cucumber.java.PendingException();&#10;}&#10;@Given(&quot;title of signin page is&quot;)&#10;public void title_of_signin_page_is() {&#10;    // Write code here that turns the phrase above into concrete actions&#10;    throw new io.cucumber.java.PendingException();&#10;}&#10;@When(&quot;user signs in with valid username and password&quot;)&#10;public void user_signs_in_with_valid_username_and_password(io.cucumber.datatable.DataTable dataTable) {&#10;    // Write code here that turns the phrase above into concrete actions&#10;    // For automatic transformation, change DataTable to one of&#10;    // E, List&lt;E&gt;, List&lt;List&lt;E&gt;&gt;, List&lt;Map&lt;K,V&gt;&gt;, Map&lt;K,V&gt; or&#10;    // Map&lt;K, List&lt;V&gt;&gt;. E,K,V must be a String, Integer, Float,&#10;    // Double, Byte, Short, Long, BigInteger or BigDecimal.&#10;    //&#10;    // For other transformations you can register a DataTableType.&#10;    throw new io.cucumber.java.PendingException();&#10;}&#10;@Then(&quot;Create repository link or new link is present&quot;)&#10;public void create_repository_link_or_new_link_is_present() {&#10;    // Write code here that turns the phrase above into concrete actions&#10;    throw new io.cucumber.java.PendingException();&#10;}&#10;@When(&quot;user clicks create repository&quot;)&#10;public void user_clicks_create_repository() {&#10;    // Write code here that turns the phrase above into concrete actions&#10;    throw new io.cucumber.java.PendingException();&#10;}&#10;@Then(&quot;user is on create a new repo page&quot;)&#10;public void user_is_on_create_a_new_repo_page() {&#10;    // Write code here that turns the phrase above into concrete actions&#10;    throw new io.cucumber.java.PendingException();&#10;}&#10;@When(&quot;user enter repository name&quot;)&#10;public void user_enter_repository_name() {&#10;    // Write code here that turns the phrase above into concrete actions&#10;    throw new io.cucumber.java.PendingException();&#10;}&#10;@When(&quot;clicks create repository button&quot;)&#10;public void clicks_create_repository_button() {&#10;    // Write code here that turns the phrase above into concrete actions&#10;    throw new io.cucumber.java.PendingException();&#10;}&#10;@Then(&quot;user is in created repository page&quot;)&#10;public void user_is_in_created_repository_page() {&#10;    // Write code here that turns the phrase above into concrete actions&#10;    throw new io.cucumber.java.PendingException();&#10;}&#10;@Then(&quot;user clicks signout&quot;)&#10;public void user_clicks_signout() {&#10;    // Write code here that turns the phrase above into concrete actions&#10;    throw new io.cucumber.java.PendingException();&#10;}&#10;" type="io.cucumber.junit.UndefinedStepException"><![CDATA[io.cucumber.junit.UndefinedStepException: 
The step 'User on the signin page' and 9 other step(s) are undefined.
You can implement these steps using the snippet(s) below:

@Given("User on the signin page")
public void user_on_the_signin_page() {
    // Write code here that turns the phrase above into concrete actions
    throw new io.cucumber.java.PendingException();
}
@Given("title of signin page is")
public void title_of_signin_page_is() {
    // Write code here that turns the phrase above into concrete actions
    throw new io.cucumber.java.PendingException();
}
@When("user signs in with valid username and password")
public void user_signs_in_with_valid_username_and_password(io.cucumber.datatable.DataTable dataTable) {
    // Write code here that turns the phrase above into concrete actions
    // For automatic transformation, change DataTable to one of
    // E, List<E>, List<List<E>>, List<Map<K,V>>, Map<K,V> or
    // Map<K, List<V>>. E,K,V must be a String, Integer, Float,
    // Double, Byte, Short, Long, BigInteger or BigDecimal.
    //
    // For other transformations you can register a DataTableType.
    throw new io.cucumber.java.PendingException();
}
@Then("Create repository link or new link is present")
public void create_repository_link_or_new_link_is_present() {
    // Write code here that turns the phrase above into concrete actions
    throw new io.cucumber.java.PendingException();
}
@When("user clicks create repository")
public void user_clicks_create_repository() {
    // Write code here that turns the phrase above into concrete actions
    throw new io.cucumber.java.PendingException();
}
@Then("user is on create a new repo page")
public void user_is_on_create_a_new_repo_page() {
    // Write code here that turns the phrase above into concrete actions
    throw new io.cucumber.java.PendingException();
}
@When("user enter repository name")
public void user_enter_repository_name() {
    // Write code here that turns the phrase above into concrete actions
    throw new io.cucumber.java.PendingException();
}
@When("clicks create repository button")
public void clicks_create_repository_button() {
    // Write code here that turns the phrase above into concrete actions
    throw new io.cucumber.java.PendingException();
}
@Then("user is in created repository page")
public void user_is_in_created_repository_page() {
    // Write code here that turns the phrase above into concrete actions
    throw new io.cucumber.java.PendingException();
}
@Then("user clicks signout")
public void user_clicks_signout() {
    // Write code here that turns the phrase above into concrete actions
    throw new io.cucumber.java.PendingException();
}

]]></error>
    <system-out><![CDATA[
@repo
Scenario: Creating first Repo                         &amp#27;[90m# src/main/java/com/git/qa/features/Repo.feature:15&amp#27;[0m
]]></system-out>
  </testcase>
  <testcase name="title of signin page is" classname="Creating first Repo" time="0">
    <skipped/>
    <system-out><![CDATA[  &amp#27;[33mGiven &amp#27;[0m&amp#27;[33mUser on the signin page&amp#27;[0m
]]></system-out>
  </testcase>
  <testcase name="user signs in with valid username and password" classname="Creating first Repo" time="0">
    <skipped/>
    <system-out><![CDATA[  &amp#27;[36mAnd &amp#27;[0m&amp#27;[36mtitle of signin page is&amp#27;[0m
]]></system-out>
  </testcase>
  <testcase name="Create repository link or new link is present" classname="Creating first Repo" time="0">
    <skipped/>
    <system-out><![CDATA[  &amp#27;[36mWhen &amp#27;[0m&amp#27;[36muser signs in with valid username and password&amp#27;[0m
    | harpreetk0586 | Hello7896! |
]]></system-out>
  </testcase>
  <testcase name="user clicks create repository" classname="Creating first Repo" time="0">
    <skipped/>
    <system-out><![CDATA[  &amp#27;[36mThen &amp#27;[0m&amp#27;[36mCreate repository link or new link is present&amp#27;[0m
]]></system-out>
  </testcase>
  <testcase name="user is on create a new repo page" classname="Creating first Repo" time="0">
    <skipped/>
    <system-out><![CDATA[  &amp#27;[36mWhen &amp#27;[0m&amp#27;[36muser clicks create repository&amp#27;[0m
]]></system-out>
  </testcase>
  <testcase name="user enter repository name" classname="Creating first Repo" time="0">
    <skipped/>
    <system-out><![CDATA[  &amp#27;[36mThen &amp#27;[0m&amp#27;[36muser is on create a new repo page&amp#27;[0m
]]></system-out>
  </testcase>
  <testcase name="clicks create repository button" classname="Creating first Repo" time="0">
    <skipped/>
    <system-out><![CDATA[  &amp#27;[36mWhen &amp#27;[0m&amp#27;[36muser enter repository name&amp#27;[0m
]]></system-out>
  </testcase>
  <testcase name="user is in created repository page" classname="Creating first Repo" time="0">
    <skipped/>
    <system-out><![CDATA[  &amp#27;[36mAnd &amp#27;[0m&amp#27;[36mclicks create repository button&amp#27;[0m
]]></system-out>
  </testcase>
  <testcase name="user clicks signout" classname="Creating first Repo" time="0">
    <skipped/>
    <system-out><![CDATA[  &amp#27;[36mThen &amp#27;[0m&amp#27;[36muser is in created repository page&amp#27;[0m
]]></system-out>
  </testcase>
  <testcase name="Creating first Repo" classname="Creating first Repo" time="0.005">
    <error message="The step &apos;User on the signin page&apos; and 9 other step(s) are undefined.&#10;You can implement these steps using the snippet(s) below:&#10;&#10;@Given(&quot;User on the signin page&quot;)&#10;public void user_on_the_signin_page() {&#10;    // Write code here that turns the phrase above into concrete actions&#10;    throw new io.cucumber.java.PendingException();&#10;}&#10;@Given(&quot;title of signin page is&quot;)&#10;public void title_of_signin_page_is() {&#10;    // Write code here that turns the phrase above into concrete actions&#10;    throw new io.cucumber.java.PendingException();&#10;}&#10;@When(&quot;user signs in with valid username and password&quot;)&#10;public void user_signs_in_with_valid_username_and_password(io.cucumber.datatable.DataTable dataTable) {&#10;    // Write code here that turns the phrase above into concrete actions&#10;    // For automatic transformation, change DataTable to one of&#10;    // E, List&lt;E&gt;, List&lt;List&lt;E&gt;&gt;, List&lt;Map&lt;K,V&gt;&gt;, Map&lt;K,V&gt; or&#10;    // Map&lt;K, List&lt;V&gt;&gt;. E,K,V must be a String, Integer, Float,&#10;    // Double, Byte, Short, Long, BigInteger or BigDecimal.&#10;    //&#10;    // For other transformations you can register a DataTableType.&#10;    throw new io.cucumber.java.PendingException();&#10;}&#10;@Then(&quot;Create repository link or new link is present&quot;)&#10;public void create_repository_link_or_new_link_is_present() {&#10;    // Write code here that turns the phrase above into concrete actions&#10;    throw new io.cucumber.java.PendingException();&#10;}&#10;@When(&quot;user clicks create repository&quot;)&#10;public void user_clicks_create_repository() {&#10;    // Write code here that turns the phrase above into concrete actions&#10;    throw new io.cucumber.java.PendingException();&#10;}&#10;@Then(&quot;user is on create a new repo page&quot;)&#10;public void user_is_on_create_a_new_repo_page() {&#10;    // Write code here that turns the phrase above into concrete actions&#10;    throw new io.cucumber.java.PendingException();&#10;}&#10;@When(&quot;user enter repository name&quot;)&#10;public void user_enter_repository_name() {&#10;    // Write code here that turns the phrase above into concrete actions&#10;    throw new io.cucumber.java.PendingException();&#10;}&#10;@When(&quot;clicks create repository button&quot;)&#10;public void clicks_create_repository_button() {&#10;    // Write code here that turns the phrase above into concrete actions&#10;    throw new io.cucumber.java.PendingException();&#10;}&#10;@Then(&quot;user is in created repository page&quot;)&#10;public void user_is_in_created_repository_page() {&#10;    // Write code here that turns the phrase above into concrete actions&#10;    throw new io.cucumber.java.PendingException();&#10;}&#10;@Then(&quot;user clicks signout&quot;)&#10;public void user_clicks_signout() {&#10;    // Write code here that turns the phrase above into concrete actions&#10;    throw new io.cucumber.java.PendingException();&#10;}&#10;" type="io.cucumber.junit.UndefinedStepException"><![CDATA[io.cucumber.junit.UndefinedStepException: 
The step 'User on the signin page' and 9 other step(s) are undefined.
You can implement these steps using the snippet(s) below:

@Given("User on the signin page")
public void user_on_the_signin_page() {
    // Write code here that turns the phrase above into concrete actions
    throw new io.cucumber.java.PendingException();
}
@Given("title of signin page is")
public void title_of_signin_page_is() {
    // Write code here that turns the phrase above into concrete actions
    throw new io.cucumber.java.PendingException();
}
@When("user signs in with valid username and password")
public void user_signs_in_with_valid_username_and_password(io.cucumber.datatable.DataTable dataTable) {
    // Write code here that turns the phrase above into concrete actions
    // For automatic transformation, change DataTable to one of
    // E, List<E>, List<List<E>>, List<Map<K,V>>, Map<K,V> or
    // Map<K, List<V>>. E,K,V must be a String, Integer, Float,
    // Double, Byte, Short, Long, BigInteger or BigDecimal.
    //
    // For other transformations you can register a DataTableType.
    throw new io.cucumber.java.PendingException();
}
@Then("Create repository link or new link is present")
public void create_repository_link_or_new_link_is_present() {
    // Write code here that turns the phrase above into concrete actions
    throw new io.cucumber.java.PendingException();
}
@When("user clicks create repository")
public void user_clicks_create_repository() {
    // Write code here that turns the phrase above into concrete actions
    throw new io.cucumber.java.PendingException();
}
@Then("user is on create a new repo page")
public void user_is_on_create_a_new_repo_page() {
    // Write code here that turns the phrase above into concrete actions
    throw new io.cucumber.java.PendingException();
}
@When("user enter repository name")
public void user_enter_repository_name() {
    // Write code here that turns the phrase above into concrete actions
    throw new io.cucumber.java.PendingException();
}
@When("clicks create repository button")
public void clicks_create_repository_button() {
    // Write code here that turns the phrase above into concrete actions
    throw new io.cucumber.java.PendingException();
}
@Then("user is in created repository page")
public void user_is_in_created_repository_page() {
    // Write code here that turns the phrase above into concrete actions
    throw new io.cucumber.java.PendingException();
}
@Then("user clicks signout")
public void user_clicks_signout() {
    // Write code here that turns the phrase above into concrete actions
    throw new io.cucumber.java.PendingException();
}

]]></error>
    <system-out><![CDATA[  &amp#27;[36mAnd &amp#27;[0m&amp#27;[36muser clicks signout&amp#27;[0m
]]></system-out>
  </testcase>
  <testcase name="User on the signin page" classname="Creating new Repo with different name" time="0.002">
    <error message="The step &apos;User on the signin page&apos; and 9 other step(s) are undefined.&#10;You can implement these steps using the snippet(s) below:&#10;&#10;@Given(&quot;User on the signin page&quot;)&#10;public void user_on_the_signin_page() {&#10;    // Write code here that turns the phrase above into concrete actions&#10;    throw new io.cucumber.java.PendingException();&#10;}&#10;@Given(&quot;title of signin page is&quot;)&#10;public void title_of_signin_page_is() {&#10;    // Write code here that turns the phrase above into concrete actions&#10;    throw new io.cucumber.java.PendingException();&#10;}&#10;@When(&quot;user signs in with valid username and password&quot;)&#10;public void user_signs_in_with_valid_username_and_password(io.cucumber.datatable.DataTable dataTable) {&#10;    // Write code here that turns the phrase above into concrete actions&#10;    // For automatic transformation, change DataTable to one of&#10;    // E, List&lt;E&gt;, List&lt;List&lt;E&gt;&gt;, List&lt;Map&lt;K,V&gt;&gt;, Map&lt;K,V&gt; or&#10;    // Map&lt;K, List&lt;V&gt;&gt;. E,K,V must be a String, Integer, Float,&#10;    // Double, Byte, Short, Long, BigInteger or BigDecimal.&#10;    //&#10;    // For other transformations you can register a DataTableType.&#10;    throw new io.cucumber.java.PendingException();&#10;}&#10;@Then(&quot;Create repository link or new link is present&quot;)&#10;public void create_repository_link_or_new_link_is_present() {&#10;    // Write code here that turns the phrase above into concrete actions&#10;    throw new io.cucumber.java.PendingException();&#10;}&#10;@When(&quot;user clicks new&quot;)&#10;public void user_clicks_new() {&#10;    // Write code here that turns the phrase above into concrete actions&#10;    throw new io.cucumber.java.PendingException();&#10;}&#10;@Then(&quot;user is on create a new repo page&quot;)&#10;public void user_is_on_create_a_new_repo_page() {&#10;    // Write code here that turns the phrase above into concrete actions&#10;    throw new io.cucumber.java.PendingException();&#10;}&#10;@When(&quot;user enter a diffferent repository name&quot;)&#10;public void user_enter_a_diffferent_repository_name() {&#10;    // Write code here that turns the phrase above into concrete actions&#10;    throw new io.cucumber.java.PendingException();&#10;}&#10;@When(&quot;clicks create repository button&quot;)&#10;public void clicks_create_repository_button() {&#10;    // Write code here that turns the phrase above into concrete actions&#10;    throw new io.cucumber.java.PendingException();&#10;}&#10;@Then(&quot;user is in new repository page&quot;)&#10;public void user_is_in_new_repository_page() {&#10;    // Write code here that turns the phrase above into concrete actions&#10;    throw new io.cucumber.java.PendingException();&#10;}&#10;@Then(&quot;user clicks signout&quot;)&#10;public void user_clicks_signout() {&#10;    // Write code here that turns the phrase above into concrete actions&#10;    throw new io.cucumber.java.PendingException();&#10;}&#10;" type="io.cucumber.junit.UndefinedStepException"><![CDATA[io.cucumber.junit.UndefinedStepException: 
The step 'User on the signin page' and 9 other step(s) are undefined.
You can implement these steps using the snippet(s) below:

@Given("User on the signin page")
public void user_on_the_signin_page() {
    // Write code here that turns the phrase above into concrete actions
    throw new io.cucumber.java.PendingException();
}
@Given("title of signin page is")
public void title_of_signin_page_is() {
    // Write code here that turns the phrase above into concrete actions
    throw new io.cucumber.java.PendingException();
}
@When("user signs in with valid username and password")
public void user_signs_in_with_valid_username_and_password(io.cucumber.datatable.DataTable dataTable) {
    // Write code here that turns the phrase above into concrete actions
    // For automatic transformation, change DataTable to one of
    // E, List<E>, List<List<E>>, List<Map<K,V>>, Map<K,V> or
    // Map<K, List<V>>. E,K,V must be a String, Integer, Float,
    // Double, Byte, Short, Long, BigInteger or BigDecimal.
    //
    // For other transformations you can register a DataTableType.
    throw new io.cucumber.java.PendingException();
}
@Then("Create repository link or new link is present")
public void create_repository_link_or_new_link_is_present() {
    // Write code here that turns the phrase above into concrete actions
    throw new io.cucumber.java.PendingException();
}
@When("user clicks new")
public void user_clicks_new() {
    // Write code here that turns the phrase above into concrete actions
    throw new io.cucumber.java.PendingException();
}
@Then("user is on create a new repo page")
public void user_is_on_create_a_new_repo_page() {
    // Write code here that turns the phrase above into concrete actions
    throw new io.cucumber.java.PendingException();
}
@When("user enter a diffferent repository name")
public void user_enter_a_diffferent_repository_name() {
    // Write code here that turns the phrase above into concrete actions
    throw new io.cucumber.java.PendingException();
}
@When("clicks create repository button")
public void clicks_create_repository_button() {
    // Write code here that turns the phrase above into concrete actions
    throw new io.cucumber.java.PendingException();
}
@Then("user is in new repository page")
public void user_is_in_new_repository_page() {
    // Write code here that turns the phrase above into concrete actions
    throw new io.cucumber.java.PendingException();
}
@Then("user clicks signout")
public void user_clicks_signout() {
    // Write code here that turns the phrase above into concrete actions
    throw new io.cucumber.java.PendingException();
}

]]></error>
    <system-out><![CDATA[
@repo
Scenario: Creating new Repo with different name       &amp#27;[90m# src/main/java/com/git/qa/features/Repo.feature:26&amp#27;[0m
]]></system-out>
  </testcase>
  <testcase name="title of signin page is" classname="Creating new Repo with different name" time="0">
    <skipped/>
    <system-out><![CDATA[  &amp#27;[33mGiven &amp#27;[0m&amp#27;[33mUser on the signin page&amp#27;[0m
]]></system-out>
  </testcase>
  <testcase name="user signs in with valid username and password" classname="Creating new Repo with different name" time="0">
    <skipped/>
    <system-out><![CDATA[  &amp#27;[36mAnd &amp#27;[0m&amp#27;[36mtitle of signin page is&amp#27;[0m
]]></system-out>
  </testcase>
  <testcase name="Create repository link or new link is present" classname="Creating new Repo with different name" time="0">
    <skipped/>
    <system-out><![CDATA[  &amp#27;[36mWhen &amp#27;[0m&amp#27;[36muser signs in with valid username and password&amp#27;[0m
    | harpreetk0586 | Hello7896! |
]]></system-out>
  </testcase>
  <testcase name="user clicks new" classname="Creating new Repo with different name" time="0">
    <skipped/>
    <system-out><![CDATA[  &amp#27;[36mThen &amp#27;[0m&amp#27;[36mCreate repository link or new link is present&amp#27;[0m
]]></system-out>
  </testcase>
  <testcase name="user is on create a new repo page" classname="Creating new Repo with different name" time="0">
    <skipped/>
    <system-out><![CDATA[  &amp#27;[36mWhen &amp#27;[0m&amp#27;[36muser clicks new&amp#27;[0m
]]></system-out>
  </testcase>
  <testcase name="user enter a diffferent repository name" classname="Creating new Repo with different name" time="0">
    <skipped/>
    <system-out><![CDATA[  &amp#27;[36mThen &amp#27;[0m&amp#27;[36muser is on create a new repo page&amp#27;[0m
]]></system-out>
  </testcase>
  <testcase name="clicks create repository button" classname="Creating new Repo with different name" time="0">
    <skipped/>
    <system-out><![CDATA[  &amp#27;[36mWhen &amp#27;[0m&amp#27;[36muser enter a diffferent repository name&amp#27;[0m
]]></system-out>
  </testcase>
  <testcase name="user is in new repository page" classname="Creating new Repo with different name" time="0">
    <skipped/>
    <system-out><![CDATA[  &amp#27;[36mAnd &amp#27;[0m&amp#27;[36mclicks create repository button&amp#27;[0m
]]></system-out>
  </testcase>
  <testcase name="user clicks signout" classname="Creating new Repo with different name" time="0">
    <skipped/>
    <system-out><![CDATA[  &amp#27;[36mThen &amp#27;[0m&amp#27;[36muser is in new repository page&amp#27;[0m
]]></system-out>
  </testcase>
  <testcase name="Creating new Repo with different name" classname="Creating new Repo with different name" time="0.001">
    <error message="The step &apos;User on the signin page&apos; and 9 other step(s) are undefined.&#10;You can implement these steps using the snippet(s) below:&#10;&#10;@Given(&quot;User on the signin page&quot;)&#10;public void user_on_the_signin_page() {&#10;    // Write code here that turns the phrase above into concrete actions&#10;    throw new io.cucumber.java.PendingException();&#10;}&#10;@Given(&quot;title of signin page is&quot;)&#10;public void title_of_signin_page_is() {&#10;    // Write code here that turns the phrase above into concrete actions&#10;    throw new io.cucumber.java.PendingException();&#10;}&#10;@When(&quot;user signs in with valid username and password&quot;)&#10;public void user_signs_in_with_valid_username_and_password(io.cucumber.datatable.DataTable dataTable) {&#10;    // Write code here that turns the phrase above into concrete actions&#10;    // For automatic transformation, change DataTable to one of&#10;    // E, List&lt;E&gt;, List&lt;List&lt;E&gt;&gt;, List&lt;Map&lt;K,V&gt;&gt;, Map&lt;K,V&gt; or&#10;    // Map&lt;K, List&lt;V&gt;&gt;. E,K,V must be a String, Integer, Float,&#10;    // Double, Byte, Short, Long, BigInteger or BigDecimal.&#10;    //&#10;    // For other transformations you can register a DataTableType.&#10;    throw new io.cucumber.java.PendingException();&#10;}&#10;@Then(&quot;Create repository link or new link is present&quot;)&#10;public void create_repository_link_or_new_link_is_present() {&#10;    // Write code here that turns the phrase above into concrete actions&#10;    throw new io.cucumber.java.PendingException();&#10;}&#10;@When(&quot;user clicks new&quot;)&#10;public void user_clicks_new() {&#10;    // Write code here that turns the phrase above into concrete actions&#10;    throw new io.cucumber.java.PendingException();&#10;}&#10;@Then(&quot;user is on create a new repo page&quot;)&#10;public void user_is_on_create_a_new_repo_page() {&#10;    // Write code here that turns the phrase above into concrete actions&#10;    throw new io.cucumber.java.PendingException();&#10;}&#10;@When(&quot;user enter a diffferent repository name&quot;)&#10;public void user_enter_a_diffferent_repository_name() {&#10;    // Write code here that turns the phrase above into concrete actions&#10;    throw new io.cucumber.java.PendingException();&#10;}&#10;@When(&quot;clicks create repository button&quot;)&#10;public void clicks_create_repository_button() {&#10;    // Write code here that turns the phrase above into concrete actions&#10;    throw new io.cucumber.java.PendingException();&#10;}&#10;@Then(&quot;user is in new repository page&quot;)&#10;public void user_is_in_new_repository_page() {&#10;    // Write code here that turns the phrase above into concrete actions&#10;    throw new io.cucumber.java.PendingException();&#10;}&#10;@Then(&quot;user clicks signout&quot;)&#10;public void user_clicks_signout() {&#10;    // Write code here that turns the phrase above into concrete actions&#10;    throw new io.cucumber.java.PendingException();&#10;}&#10;" type="io.cucumber.junit.UndefinedStepException"><![CDATA[io.cucumber.junit.UndefinedStepException: 
The step 'User on the signin page' and 9 other step(s) are undefined.
You can implement these steps using the snippet(s) below:

@Given("User on the signin page")
public void user_on_the_signin_page() {
    // Write code here that turns the phrase above into concrete actions
    throw new io.cucumber.java.PendingException();
}
@Given("title of signin page is")
public void title_of_signin_page_is() {
    // Write code here that turns the phrase above into concrete actions
    throw new io.cucumber.java.PendingException();
}
@When("user signs in with valid username and password")
public void user_signs_in_with_valid_username_and_password(io.cucumber.datatable.DataTable dataTable) {
    // Write code here that turns the phrase above into concrete actions
    // For automatic transformation, change DataTable to one of
    // E, List<E>, List<List<E>>, List<Map<K,V>>, Map<K,V> or
    // Map<K, List<V>>. E,K,V must be a String, Integer, Float,
    // Double, Byte, Short, Long, BigInteger or BigDecimal.
    //
    // For other transformations you can register a DataTableType.
    throw new io.cucumber.java.PendingException();
}
@Then("Create repository link or new link is present")
public void create_repository_link_or_new_link_is_present() {
    // Write code here that turns the phrase above into concrete actions
    throw new io.cucumber.java.PendingException();
}
@When("user clicks new")
public void user_clicks_new() {
    // Write code here that turns the phrase above into concrete actions
    throw new io.cucumber.java.PendingException();
}
@Then("user is on create a new repo page")
public void user_is_on_create_a_new_repo_page() {
    // Write code here that turns the phrase above into concrete actions
    throw new io.cucumber.java.PendingException();
}
@When("user enter a diffferent repository name")
public void user_enter_a_diffferent_repository_name() {
    // Write code here that turns the phrase above into concrete actions
    throw new io.cucumber.java.PendingException();
}
@When("clicks create repository button")
public void clicks_create_repository_button() {
    // Write code here that turns the phrase above into concrete actions
    throw new io.cucumber.java.PendingException();
}
@Then("user is in new repository page")
public void user_is_in_new_repository_page() {
    // Write code here that turns the phrase above into concrete actions
    throw new io.cucumber.java.PendingException();
}
@Then("user clicks signout")
public void user_clicks_signout() {
    // Write code here that turns the phrase above into concrete actions
    throw new io.cucumber.java.PendingException();
}

]]></error>
    <system-out><![CDATA[  &amp#27;[36mAnd &amp#27;[0m&amp#27;[36muser clicks signout&amp#27;[0m
]]></system-out>
  </testcase>
  <testcase name="User on the signin page" classname="Creating new Repo with existing name" time="0.002">
    <error message="The step &apos;User on the signin page&apos; and 8 other step(s) are undefined.&#10;You can implement these steps using the snippet(s) below:&#10;&#10;@Given(&quot;User on the signin page&quot;)&#10;public void user_on_the_signin_page() {&#10;    // Write code here that turns the phrase above into concrete actions&#10;    throw new io.cucumber.java.PendingException();&#10;}&#10;@Given(&quot;title of signin page is&quot;)&#10;public void title_of_signin_page_is() {&#10;    // Write code here that turns the phrase above into concrete actions&#10;    throw new io.cucumber.java.PendingException();&#10;}&#10;@When(&quot;user signs in with valid username and password&quot;)&#10;public void user_signs_in_with_valid_username_and_password(io.cucumber.datatable.DataTable dataTable) {&#10;    // Write code here that turns the phrase above into concrete actions&#10;    // For automatic transformation, change DataTable to one of&#10;    // E, List&lt;E&gt;, List&lt;List&lt;E&gt;&gt;, List&lt;Map&lt;K,V&gt;&gt;, Map&lt;K,V&gt; or&#10;    // Map&lt;K, List&lt;V&gt;&gt;. E,K,V must be a String, Integer, Float,&#10;    // Double, Byte, Short, Long, BigInteger or BigDecimal.&#10;    //&#10;    // For other transformations you can register a DataTableType.&#10;    throw new io.cucumber.java.PendingException();&#10;}&#10;@Then(&quot;Create repository link or new link is present&quot;)&#10;public void create_repository_link_or_new_link_is_present() {&#10;    // Write code here that turns the phrase above into concrete actions&#10;    throw new io.cucumber.java.PendingException();&#10;}&#10;@When(&quot;user clicks new&quot;)&#10;public void user_clicks_new() {&#10;    // Write code here that turns the phrase above into concrete actions&#10;    throw new io.cucumber.java.PendingException();&#10;}&#10;@Then(&quot;user is on create a new repo page&quot;)&#10;public void user_is_on_create_a_new_repo_page() {&#10;    // Write code here that turns the phrase above into concrete actions&#10;    throw new io.cucumber.java.PendingException();&#10;}&#10;@When(&quot;user enter an existing repository name&quot;)&#10;public void user_enter_an_existing_repository_name() {&#10;    // Write code here that turns the phrase above into concrete actions&#10;    throw new io.cucumber.java.PendingException();&#10;}&#10;@Then(&quot;user sees a popup error message&quot;)&#10;public void user_sees_a_popup_error_message() {&#10;    // Write code here that turns the phrase above into concrete actions&#10;    throw new io.cucumber.java.PendingException();&#10;}&#10;@Then(&quot;user clicks signout&quot;)&#10;public void user_clicks_signout() {&#10;    // Write code here that turns the phrase above into concrete actions&#10;    throw new io.cucumber.java.PendingException();&#10;}&#10;" type="io.cucumber.junit.UndefinedStepException"><![CDATA[io.cucumber.junit.UndefinedStepException: 
The step 'User on the signin page' and 8 other step(s) are undefined.
You can implement these steps using the snippet(s) below:

@Given("User on the signin page")
public void user_on_the_signin_page() {
    // Write code here that turns the phrase above into concrete actions
    throw new io.cucumber.java.PendingException();
}
@Given("title of signin page is")
public void title_of_signin_page_is() {
    // Write code here that turns the phrase above into concrete actions
    throw new io.cucumber.java.PendingException();
}
@When("user signs in with valid username and password")
public void user_signs_in_with_valid_username_and_password(io.cucumber.datatable.DataTable dataTable) {
    // Write code here that turns the phrase above into concrete actions
    // For automatic transformation, change DataTable to one of
    // E, List<E>, List<List<E>>, List<Map<K,V>>, Map<K,V> or
    // Map<K, List<V>>. E,K,V must be a String, Integer, Float,
    // Double, Byte, Short, Long, BigInteger or BigDecimal.
    //
    // For other transformations you can register a DataTableType.
    throw new io.cucumber.java.PendingException();
}
@Then("Create repository link or new link is present")
public void create_repository_link_or_new_link_is_present() {
    // Write code here that turns the phrase above into concrete actions
    throw new io.cucumber.java.PendingException();
}
@When("user clicks new")
public void user_clicks_new() {
    // Write code here that turns the phrase above into concrete actions
    throw new io.cucumber.java.PendingException();
}
@Then("user is on create a new repo page")
public void user_is_on_create_a_new_repo_page() {
    // Write code here that turns the phrase above into concrete actions
    throw new io.cucumber.java.PendingException();
}
@When("user enter an existing repository name")
public void user_enter_an_existing_repository_name() {
    // Write code here that turns the phrase above into concrete actions
    throw new io.cucumber.java.PendingException();
}
@Then("user sees a popup error message")
public void user_sees_a_popup_error_message() {
    // Write code here that turns the phrase above into concrete actions
    throw new io.cucumber.java.PendingException();
}
@Then("user clicks signout")
public void user_clicks_signout() {
    // Write code here that turns the phrase above into concrete actions
    throw new io.cucumber.java.PendingException();
}

]]></error>
    <system-out><![CDATA[
@repo
Scenario: Creating new Repo with existing name        &amp#27;[90m# src/main/java/com/git/qa/features/Repo.feature:37&amp#27;[0m
]]></system-out>
  </testcase>
  <testcase name="title of signin page is" classname="Creating new Repo with existing name" time="0">
    <skipped/>
    <system-out><![CDATA[  &amp#27;[33mGiven &amp#27;[0m&amp#27;[33mUser on the signin page&amp#27;[0m
]]></system-out>
  </testcase>
  <testcase name="user signs in with valid username and password" classname="Creating new Repo with existing name" time="0">
    <skipped/>
    <system-out><![CDATA[  &amp#27;[36mAnd &amp#27;[0m&amp#27;[36mtitle of signin page is&amp#27;[0m
]]></system-out>
  </testcase>
  <testcase name="Create repository link or new link is present" classname="Creating new Repo with existing name" time="0">
    <skipped/>
    <system-out><![CDATA[  &amp#27;[36mWhen &amp#27;[0m&amp#27;[36muser signs in with valid username and password&amp#27;[0m
    | harpreetk0586 | Hello7896! |
]]></system-out>
  </testcase>
  <testcase name="user clicks new" classname="Creating new Repo with existing name" time="0">
    <skipped/>
    <system-out><![CDATA[  &amp#27;[36mThen &amp#27;[0m&amp#27;[36mCreate repository link or new link is present&amp#27;[0m
]]></system-out>
  </testcase>
  <testcase name="user is on create a new repo page" classname="Creating new Repo with existing name" time="0">
    <skipped/>
    <system-out><![CDATA[  &amp#27;[36mWhen &amp#27;[0m&amp#27;[36muser clicks new&amp#27;[0m
]]></system-out>
  </testcase>
  <testcase name="user enter an existing repository name" classname="Creating new Repo with existing name" time="0">
    <skipped/>
    <system-out><![CDATA[  &amp#27;[36mThen &amp#27;[0m&amp#27;[36muser is on create a new repo page&amp#27;[0m
]]></system-out>
  </testcase>
  <testcase name="user sees a popup error message" classname="Creating new Repo with existing name" time="0">
    <skipped/>
    <system-out><![CDATA[  &amp#27;[36mWhen &amp#27;[0m&amp#27;[36muser enter an existing repository name&amp#27;[0m
]]></system-out>
  </testcase>
  <testcase name="user clicks signout" classname="Creating new Repo with existing name" time="0">
    <skipped/>
    <system-out><![CDATA[  &amp#27;[36mThen &amp#27;[0m&amp#27;[36muser sees a popup error message&amp#27;[0m
]]></system-out>
  </testcase>
  <testcase name="Creating new Repo with existing name" classname="Creating new Repo with existing name" time="0.001">
    <error message="The step &apos;User on the signin page&apos; and 8 other step(s) are undefined.&#10;You can implement these steps using the snippet(s) below:&#10;&#10;@Given(&quot;User on the signin page&quot;)&#10;public void user_on_the_signin_page() {&#10;    // Write code here that turns the phrase above into concrete actions&#10;    throw new io.cucumber.java.PendingException();&#10;}&#10;@Given(&quot;title of signin page is&quot;)&#10;public void title_of_signin_page_is() {&#10;    // Write code here that turns the phrase above into concrete actions&#10;    throw new io.cucumber.java.PendingException();&#10;}&#10;@When(&quot;user signs in with valid username and password&quot;)&#10;public void user_signs_in_with_valid_username_and_password(io.cucumber.datatable.DataTable dataTable) {&#10;    // Write code here that turns the phrase above into concrete actions&#10;    // For automatic transformation, change DataTable to one of&#10;    // E, List&lt;E&gt;, List&lt;List&lt;E&gt;&gt;, List&lt;Map&lt;K,V&gt;&gt;, Map&lt;K,V&gt; or&#10;    // Map&lt;K, List&lt;V&gt;&gt;. E,K,V must be a String, Integer, Float,&#10;    // Double, Byte, Short, Long, BigInteger or BigDecimal.&#10;    //&#10;    // For other transformations you can register a DataTableType.&#10;    throw new io.cucumber.java.PendingException();&#10;}&#10;@Then(&quot;Create repository link or new link is present&quot;)&#10;public void create_repository_link_or_new_link_is_present() {&#10;    // Write code here that turns the phrase above into concrete actions&#10;    throw new io.cucumber.java.PendingException();&#10;}&#10;@When(&quot;user clicks new&quot;)&#10;public void user_clicks_new() {&#10;    // Write code here that turns the phrase above into concrete actions&#10;    throw new io.cucumber.java.PendingException();&#10;}&#10;@Then(&quot;user is on create a new repo page&quot;)&#10;public void user_is_on_create_a_new_repo_page() {&#10;    // Write code here that turns the phrase above into concrete actions&#10;    throw new io.cucumber.java.PendingException();&#10;}&#10;@When(&quot;user enter an existing repository name&quot;)&#10;public void user_enter_an_existing_repository_name() {&#10;    // Write code here that turns the phrase above into concrete actions&#10;    throw new io.cucumber.java.PendingException();&#10;}&#10;@Then(&quot;user sees a popup error message&quot;)&#10;public void user_sees_a_popup_error_message() {&#10;    // Write code here that turns the phrase above into concrete actions&#10;    throw new io.cucumber.java.PendingException();&#10;}&#10;@Then(&quot;user clicks signout&quot;)&#10;public void user_clicks_signout() {&#10;    // Write code here that turns the phrase above into concrete actions&#10;    throw new io.cucumber.java.PendingException();&#10;}&#10;" type="io.cucumber.junit.UndefinedStepException"><![CDATA[io.cucumber.junit.UndefinedStepException: 
The step 'User on the signin page' and 8 other step(s) are undefined.
You can implement these steps using the snippet(s) below:

@Given("User on the signin page")
public void user_on_the_signin_page() {
    // Write code here that turns the phrase above into concrete actions
    throw new io.cucumber.java.PendingException();
}
@Given("title of signin page is")
public void title_of_signin_page_is() {
    // Write code here that turns the phrase above into concrete actions
    throw new io.cucumber.java.PendingException();
}
@When("user signs in with valid username and password")
public void user_signs_in_with_valid_username_and_password(io.cucumber.datatable.DataTable dataTable) {
    // Write code here that turns the phrase above into concrete actions
    // For automatic transformation, change DataTable to one of
    // E, List<E>, List<List<E>>, List<Map<K,V>>, Map<K,V> or
    // Map<K, List<V>>. E,K,V must be a String, Integer, Float,
    // Double, Byte, Short, Long, BigInteger or BigDecimal.
    //
    // For other transformations you can register a DataTableType.
    throw new io.cucumber.java.PendingException();
}
@Then("Create repository link or new link is present")
public void create_repository_link_or_new_link_is_present() {
    // Write code here that turns the phrase above into concrete actions
    throw new io.cucumber.java.PendingException();
}
@When("user clicks new")
public void user_clicks_new() {
    // Write code here that turns the phrase above into concrete actions
    throw new io.cucumber.java.PendingException();
}
@Then("user is on create a new repo page")
public void user_is_on_create_a_new_repo_page() {
    // Write code here that turns the phrase above into concrete actions
    throw new io.cucumber.java.PendingException();
}
@When("user enter an existing repository name")
public void user_enter_an_existing_repository_name() {
    // Write code here that turns the phrase above into concrete actions
    throw new io.cucumber.java.PendingException();
}
@Then("user sees a popup error message")
public void user_sees_a_popup_error_message() {
    // Write code here that turns the phrase above into concrete actions
    throw new io.cucumber.java.PendingException();
}
@Then("user clicks signout")
public void user_clicks_signout() {
    // Write code here that turns the phrase above into concrete actions
    throw new io.cucumber.java.PendingException();
}

]]></error>
    <system-out><![CDATA[  &amp#27;[36mAnd &amp#27;[0m&amp#27;[36muser clicks signout&amp#27;[0m
]]></system-out>
  </testcase>
</testsuite>